<?xml version="1.0" encoding="UTF-8"?>
<!-- Generated by org.testng.reporters.JUnitReportReporter -->
<testsuite hostname="DESKTOP-9E4A54A" failures="0" tests="1" name="com.kyyte.testcases.KyyteMenuTest" time="7.994" errors="0" timestamp="2023-04-03T16:05:21 IST" skipped="0">
  <testcase classname="com.kyyte.testcases.KyyteMenuTest" name="KyyteMenuTest" time="7.994"/>
  <system-out/>
</testsuite> <!-- com.kyyte.testcases.KyyteMenuTest -->
